{"time":"2025-03-03T18:49:05.290393+08:00","level":"INFO","msg":"doing"}
{"time":"2025-03-03T18:49:05.291413+08:00","level":"WARN","msg":"current env is","!BADKEY":"development"}
{"time":"2025-03-03T18:49:05.522338+08:00","level":"INFO","msg":"doing"}
{"time":"2025-03-03T18:49:05.522487+08:00","level":"WARN","msg":"current env is","!BADKEY":"development"}
{"time":"2025-03-03T18:49:05.695083+08:00","level":"INFO","msg":"doing"}
{"time":"2025-03-03T18:49:05.695263+08:00","level":"WARN","msg":"current env is","!BADKEY":"development"}
{"time":"2025-03-03T18:49:05.85958+08:00","level":"INFO","msg":"doing"}
{"time":"2025-03-03T18:49:05.85972+08:00","level":"WARN","msg":"current env is","!BADKEY":"development"}
{"time":"2025-03-03T18:49:05.996221+08:00","level":"INFO","msg":"doing"}
{"time":"2025-03-03T18:49:05.996309+08:00","level":"WARN","msg":"current env is","!BADKEY":"development"}
{"time":"2025-03-03T18:49:06.146796+08:00","level":"INFO","msg":"doing"}
{"time":"2025-03-03T18:49:06.147028+08:00","level":"WARN","msg":"current env is","!BADKEY":"development"}
{"time":"2025-03-03T20:17:39.493651+08:00","level":"INFO","msg":"doing"}
{"time":"2025-03-03T20:17:39.493861+08:00","level":"WARN","msg":"current env is","!BADKEY":"development"}
{"time":"2025-03-03T20:17:39.984593+08:00","level":"INFO","msg":"doing"}
{"time":"2025-03-03T20:17:39.984782+08:00","level":"WARN","msg":"current env is","!BADKEY":"development"}
{"time":"2025-03-03T20:17:40.057876+08:00","level":"INFO","msg":"doing"}
{"time":"2025-03-03T20:17:40.057967+08:00","level":"WARN","msg":"current env is","!BADKEY":"development"}
{"time":"2025-03-03T20:17:40.142632+08:00","level":"INFO","msg":"doing"}
{"time":"2025-03-03T20:17:40.14281+08:00","level":"WARN","msg":"current env is","!BADKEY":"development"}
{"time":"2025-03-03T20:17:40.283079+08:00","level":"INFO","msg":"doing"}
{"time":"2025-03-03T20:17:40.283198+08:00","level":"WARN","msg":"current env is","!BADKEY":"development"}
{"time":"2025-03-03T20:17:40.789516+08:00","level":"INFO","msg":"doing"}
{"time":"2025-03-03T20:17:40.789663+08:00","level":"WARN","msg":"current env is","!BADKEY":"development"}
{"time":"2025-03-03T20:17:40.866449+08:00","level":"INFO","msg":"doing"}
{"time":"2025-03-03T20:17:40.866558+08:00","level":"WARN","msg":"current env is","!BADKEY":"development"}
{"time":"2025-03-03T20:17:40.950867+08:00","level":"INFO","msg":"doing"}
{"time":"2025-03-03T20:17:40.951008+08:00","level":"WARN","msg":"current env is","!BADKEY":"development"}
{"time":"2025-03-03T20:17:41.034813+08:00","level":"INFO","msg":"doing"}
{"time":"2025-03-03T20:17:41.034945+08:00","level":"WARN","msg":"current env is","!BADKEY":"development"}
{"time":"2025-03-03T20:17:41.116906+08:00","level":"INFO","msg":"doing"}
{"time":"2025-03-03T20:17:41.117046+08:00","level":"WARN","msg":"current env is","!BADKEY":"development"}
{"time":"2025-03-03T20:17:41.200007+08:00","level":"INFO","msg":"doing"}
{"time":"2025-03-03T20:17:41.200151+08:00","level":"WARN","msg":"current env is","!BADKEY":"development"}
{"time":"2025-03-03T20:17:41.283828+08:00","level":"INFO","msg":"doing"}
{"time":"2025-03-03T20:17:41.283976+08:00","level":"WARN","msg":"current env is","!BADKEY":"development"}
{"time":"2025-03-03T20:17:41.365428+08:00","level":"INFO","msg":"doing"}
{"time":"2025-03-03T20:17:41.365546+08:00","level":"WARN","msg":"current env is","!BADKEY":"development"}
{"time":"2025-03-03T20:17:41.448323+08:00","level":"INFO","msg":"doing"}
{"time":"2025-03-03T20:17:41.448419+08:00","level":"WARN","msg":"current env is","!BADKEY":"development"}
{"time":"2025-03-03T20:17:41.533637+08:00","level":"INFO","msg":"doing"}
{"time":"2025-03-03T20:17:41.533779+08:00","level":"WARN","msg":"current env is","!BADKEY":"development"}
{"time":"2025-03-03T20:17:41.616143+08:00","level":"INFO","msg":"doing"}
{"time":"2025-03-03T20:17:41.616305+08:00","level":"WARN","msg":"current env is","!BADKEY":"development"}
{"time":"2025-03-03T20:17:41.696763+08:00","level":"INFO","msg":"doing"}
{"time":"2025-03-03T20:17:41.69693+08:00","level":"WARN","msg":"current env is","!BADKEY":"development"}
{"time":"2025-03-03T20:17:41.780599+08:00","level":"INFO","msg":"doing"}
{"time":"2025-03-03T20:17:41.780756+08:00","level":"WARN","msg":"current env is","!BADKEY":"development"}
{"time":"2025-03-03T20:17:41.867197+08:00","level":"INFO","msg":"doing"}
{"time":"2025-03-03T20:17:41.867375+08:00","level":"WARN","msg":"current env is","!BADKEY":"development"}
{"time":"2025-03-03T20:17:41.947931+08:00","level":"INFO","msg":"doing"}
{"time":"2025-03-03T20:17:41.948056+08:00","level":"WARN","msg":"current env is","!BADKEY":"development"}
{"time":"2025-03-03T20:17:42.031166+08:00","level":"INFO","msg":"doing"}
{"time":"2025-03-03T20:17:42.031262+08:00","level":"WARN","msg":"current env is","!BADKEY":"development"}
{"time":"2025-03-03T20:17:42.115044+08:00","level":"INFO","msg":"doing"}
{"time":"2025-03-03T20:17:42.115143+08:00","level":"WARN","msg":"current env is","!BADKEY":"development"}
{"time":"2025-03-03T20:17:42.197224+08:00","level":"INFO","msg":"doing"}
{"time":"2025-03-03T20:17:42.197313+08:00","level":"WARN","msg":"current env is","!BADKEY":"development"}
{"time":"2025-03-03T20:49:56.009659+08:00","level":"INFO","msg":"doing"}
{"time":"2025-03-03T20:49:56.010483+08:00","level":"WARN","msg":"current env is","!BADKEY":"development"}
{"time":"2025-03-03T20:49:56.186431+08:00","level":"INFO","msg":"doing"}
{"time":"2025-03-03T20:49:56.1867+08:00","level":"WARN","msg":"current env is","!BADKEY":"development"}
{"time":"2025-03-03T20:49:56.363338+08:00","level":"INFO","msg":"doing"}
{"time":"2025-03-03T20:49:56.363472+08:00","level":"WARN","msg":"current env is","!BADKEY":"development"}
{"time":"2025-03-03T20:49:56.528732+08:00","level":"INFO","msg":"doing"}
{"time":"2025-03-03T20:49:56.528927+08:00","level":"WARN","msg":"current env is","!BADKEY":"development"}
{"time":"2025-03-03T20:49:56.705292+08:00","level":"INFO","msg":"doing"}
{"time":"2025-03-03T20:49:56.705461+08:00","level":"WARN","msg":"current env is","!BADKEY":"development"}
{"time":"2025-03-03T20:49:56.832816+08:00","level":"INFO","msg":"doing"}
{"time":"2025-03-03T20:49:56.832933+08:00","level":"WARN","msg":"current env is","!BADKEY":"development"}
{"time":"2025-03-03T20:49:57.012526+08:00","level":"INFO","msg":"doing"}
{"time":"2025-03-03T20:49:57.012643+08:00","level":"WARN","msg":"current env is","!BADKEY":"development"}
{"time":"2025-03-03T20:49:57.139412+08:00","level":"INFO","msg":"doing"}
{"time":"2025-03-03T20:49:57.139708+08:00","level":"WARN","msg":"current env is","!BADKEY":"development"}
{"time":"2025-03-03T20:49:57.253735+08:00","level":"INFO","msg":"doing"}
{"time":"2025-03-03T20:49:57.254027+08:00","level":"WARN","msg":"current env is","!BADKEY":"development"}
{"time":"2025-03-03T20:49:57.380113+08:00","level":"INFO","msg":"doing"}
{"time":"2025-03-03T20:49:57.380258+08:00","level":"WARN","msg":"current env is","!BADKEY":"development"}
{"time":"2025-03-03T20:49:57.890401+08:00","level":"INFO","msg":"doing"}
{"time":"2025-03-03T20:49:57.890513+08:00","level":"WARN","msg":"current env is","!BADKEY":"development"}
{"time":"2025-03-03T20:49:57.965313+08:00","level":"INFO","msg":"doing"}
{"time":"2025-03-03T20:49:57.965478+08:00","level":"WARN","msg":"current env is","!BADKEY":"development"}
{"time":"2025-03-03T20:49:58.050346+08:00","level":"INFO","msg":"doing"}
{"time":"2025-03-03T20:49:58.050481+08:00","level":"WARN","msg":"current env is","!BADKEY":"development"}
{"time":"2025-03-03T20:49:58.13378+08:00","level":"INFO","msg":"doing"}
{"time":"2025-03-03T20:49:58.134014+08:00","level":"WARN","msg":"current env is","!BADKEY":"development"}
{"time":"2025-03-03T20:49:58.215571+08:00","level":"INFO","msg":"doing"}
{"time":"2025-03-03T20:49:58.215771+08:00","level":"WARN","msg":"current env is","!BADKEY":"development"}
{"time":"2025-03-03T20:49:58.299337+08:00","level":"INFO","msg":"doing"}
{"time":"2025-03-03T20:49:58.299545+08:00","level":"WARN","msg":"current env is","!BADKEY":"development"}
{"time":"2025-03-03T20:49:58.381101+08:00","level":"INFO","msg":"doing"}
{"time":"2025-03-03T20:49:58.381276+08:00","level":"WARN","msg":"current env is","!BADKEY":"development"}
{"time":"2025-03-03T20:49:58.465542+08:00","level":"INFO","msg":"doing"}
{"time":"2025-03-03T20:49:58.465668+08:00","level":"WARN","msg":"current env is","!BADKEY":"development"}
{"time":"2025-03-03T20:49:58.548648+08:00","level":"INFO","msg":"doing"}
{"time":"2025-03-03T20:49:58.548783+08:00","level":"WARN","msg":"current env is","!BADKEY":"development"}
{"time":"2025-03-03T20:49:58.630286+08:00","level":"INFO","msg":"doing"}
{"time":"2025-03-03T20:49:58.630384+08:00","level":"WARN","msg":"current env is","!BADKEY":"development"}
{"time":"2025-03-03T20:49:58.712959+08:00","level":"INFO","msg":"doing"}
{"time":"2025-03-03T20:49:58.713134+08:00","level":"WARN","msg":"current env is","!BADKEY":"development"}
{"time":"2025-03-03T20:49:58.801302+08:00","level":"INFO","msg":"doing"}
{"time":"2025-03-03T20:49:58.801354+08:00","level":"WARN","msg":"current env is","!BADKEY":"development"}
{"time":"2025-03-03T20:49:58.879689+08:00","level":"INFO","msg":"doing"}
{"time":"2025-03-03T20:49:58.879773+08:00","level":"WARN","msg":"current env is","!BADKEY":"development"}
{"time":"2025-03-03T20:49:58.964712+08:00","level":"INFO","msg":"doing"}
{"time":"2025-03-03T20:49:58.964819+08:00","level":"WARN","msg":"current env is","!BADKEY":"development"}
{"time":"2025-03-03T20:49:59.047825+08:00","level":"INFO","msg":"doing"}
{"time":"2025-03-03T20:49:59.047914+08:00","level":"WARN","msg":"current env is","!BADKEY":"development"}
{"time":"2025-03-03T20:49:59.131166+08:00","level":"INFO","msg":"doing"}
{"time":"2025-03-03T20:49:59.131251+08:00","level":"WARN","msg":"current env is","!BADKEY":"development"}
{"time":"2025-03-03T20:49:59.21473+08:00","level":"INFO","msg":"doing"}
{"time":"2025-03-03T20:49:59.214822+08:00","level":"WARN","msg":"current env is","!BADKEY":"development"}
{"time":"2025-03-03T20:49:59.29854+08:00","level":"INFO","msg":"doing"}
{"time":"2025-03-03T20:49:59.298632+08:00","level":"WARN","msg":"current env is","!BADKEY":"development"}
{"time":"2025-03-03T20:49:59.381175+08:00","level":"INFO","msg":"doing"}
{"time":"2025-03-03T20:49:59.381262+08:00","level":"WARN","msg":"current env is","!BADKEY":"development"}
{"time":"2025-03-03T20:49:59.467536+08:00","level":"INFO","msg":"doing"}
{"time":"2025-03-03T20:49:59.467666+08:00","level":"WARN","msg":"current env is","!BADKEY":"development"}
{"time":"2025-03-03T20:49:59.550778+08:00","level":"INFO","msg":"doing"}
{"time":"2025-03-03T20:49:59.550967+08:00","level":"WARN","msg":"current env is","!BADKEY":"development"}
{"time":"2025-03-03T20:49:59.633833+08:00","level":"INFO","msg":"doing"}
{"time":"2025-03-03T20:49:59.633958+08:00","level":"WARN","msg":"current env is","!BADKEY":"development"}
{"time":"2025-03-03T20:49:59.712988+08:00","level":"INFO","msg":"doing"}
{"time":"2025-03-03T20:49:59.713091+08:00","level":"WARN","msg":"current env is","!BADKEY":"development"}
{"time":"2025-03-03T20:49:59.798262+08:00","level":"INFO","msg":"doing"}
{"time":"2025-03-03T20:49:59.798381+08:00","level":"WARN","msg":"current env is","!BADKEY":"development"}
{"time":"2025-03-03T20:49:59.880579+08:00","level":"INFO","msg":"doing"}
{"time":"2025-03-03T20:49:59.880666+08:00","level":"WARN","msg":"current env is","!BADKEY":"development"}
{"time":"2025-03-03T20:49:59.967867+08:00","level":"INFO","msg":"doing"}
{"time":"2025-03-03T20:49:59.967994+08:00","level":"WARN","msg":"current env is","!BADKEY":"development"}
{"time":"2025-03-03T20:50:00.050486+08:00","level":"INFO","msg":"doing"}
{"time":"2025-03-03T20:50:00.050671+08:00","level":"WARN","msg":"current env is","!BADKEY":"development"}
{"time":"2025-03-03T20:50:00.133956+08:00","level":"INFO","msg":"doing"}
{"time":"2025-03-03T20:50:00.134091+08:00","level":"WARN","msg":"current env is","!BADKEY":"development"}
{"time":"2025-03-03T20:50:00.217531+08:00","level":"INFO","msg":"doing"}
{"time":"2025-03-03T20:50:00.217718+08:00","level":"WARN","msg":"current env is","!BADKEY":"development"}
{"time":"2025-03-03T20:50:00.299644+08:00","level":"INFO","msg":"doing"}
{"time":"2025-03-03T20:50:00.299774+08:00","level":"WARN","msg":"current env is","!BADKEY":"development"}
{"time":"2025-03-03T20:50:00.383782+08:00","level":"INFO","msg":"doing"}
{"time":"2025-03-03T20:50:00.383967+08:00","level":"WARN","msg":"current env is","!BADKEY":"development"}
{"time":"2025-03-03T20:50:00.465319+08:00","level":"INFO","msg":"doing"}
{"time":"2025-03-03T20:50:00.465411+08:00","level":"WARN","msg":"current env is","!BADKEY":"development"}
{"time":"2025-03-03T20:50:00.548569+08:00","level":"INFO","msg":"doing"}
{"time":"2025-03-03T20:50:00.548655+08:00","level":"WARN","msg":"current env is","!BADKEY":"development"}
{"time":"2025-03-03T20:50:00.633856+08:00","level":"INFO","msg":"doing"}
{"time":"2025-03-03T20:50:00.633965+08:00","level":"WARN","msg":"current env is","!BADKEY":"development"}
{"time":"2025-03-03T20:57:24.641546+08:00","level":"INFO","msg":"doing"}
{"time":"2025-03-03T20:57:24.641896+08:00","level":"WARN","msg":"current env is","env":"development"}
{"time":"2025-03-03T20:57:24.910677+08:00","level":"INFO","msg":"doing"}
{"time":"2025-03-03T20:57:24.910734+08:00","level":"WARN","msg":"current env is","env":"development"}
{"time":"2025-03-03T20:57:25.108652+08:00","level":"INFO","msg":"doing"}
{"time":"2025-03-03T20:57:25.108748+08:00","level":"WARN","msg":"current env is","env":"development"}
{"time":"2025-03-03T20:58:18.324181+08:00","level":"INFO","msg":"doing"}
{"time":"2025-03-03T20:58:18.324538+08:00","level":"WARN","msg":"current env is","env":"development","time":"2025-03-03T20:58:18.324532+08:00"}
{"time":"2025-03-03T20:58:18.443248+08:00","level":"INFO","msg":"doing"}
{"time":"2025-03-03T20:58:18.443396+08:00","level":"WARN","msg":"current env is","env":"development","time":"2025-03-03T20:58:18.443392+08:00"}
{"time":"2025-03-03T20:58:18.599686+08:00","level":"INFO","msg":"doing"}
{"time":"2025-03-03T20:58:18.599758+08:00","level":"WARN","msg":"current env is","env":"development","time":"2025-03-03T20:58:18.599755+08:00"}
{"time":"2025-03-03T20:58:18.743681+08:00","level":"INFO","msg":"doing"}
{"time":"2025-03-03T20:58:18.743754+08:00","level":"WARN","msg":"current env is","env":"development","time":"2025-03-03T20:58:18.743751+08:00"}
{"time":"2025-03-03T20:58:18.880596+08:00","level":"INFO","msg":"doing"}
{"time":"2025-03-03T20:58:18.880668+08:00","level":"WARN","msg":"current env is","env":"development","time":"2025-03-03T20:58:18.880665+08:00"}
{"time":"2025-03-03T20:58:18.99261+08:00","level":"INFO","msg":"doing"}
{"time":"2025-03-03T20:58:18.992731+08:00","level":"WARN","msg":"current env is","env":"development","time":"2025-03-03T20:58:18.992724+08:00"}
{"time":"2025-03-03T20:58:36.943108+08:00","level":"INFO","msg":"doing"}
{"time":"2025-03-03T20:58:36.943318+08:00","level":"WARN","msg":"current env is","env":"development","time":"2025-03-03T20:58:36.943314+08:00","day":3}
{"time":"2025-03-03T20:58:37.246501+08:00","level":"INFO","msg":"doing"}
{"time":"2025-03-03T20:58:37.246605+08:00","level":"WARN","msg":"current env is","env":"development","time":"2025-03-03T20:58:37.246601+08:00","day":3}
{"time":"2025-03-03T20:58:37.421755+08:00","level":"INFO","msg":"doing"}
{"time":"2025-03-03T20:58:37.421833+08:00","level":"WARN","msg":"current env is","env":"development","time":"2025-03-03T20:58:37.42183+08:00","day":3}
{"time":"2025-03-03T20:58:37.571453+08:00","level":"INFO","msg":"doing"}
{"time":"2025-03-03T20:58:37.571568+08:00","level":"WARN","msg":"current env is","env":"development","time":"2025-03-03T20:58:37.571562+08:00","day":3}
{"time":"2025-03-03T20:58:37.719714+08:00","level":"INFO","msg":"doing"}
{"time":"2025-03-03T20:58:37.71994+08:00","level":"WARN","msg":"current env is","env":"development","time":"2025-03-03T20:58:37.719927+08:00","day":3}
{"time":"2025-03-03T20:58:37.85153+08:00","level":"INFO","msg":"doing"}
{"time":"2025-03-03T20:58:37.851739+08:00","level":"WARN","msg":"current env is","env":"development","time":"2025-03-03T20:58:37.851727+08:00","day":3}
{"time":"2025-03-03T21:09:51.49484+08:00","level":"INFO","msg":"doing"}
{"time":"2025-03-03T21:09:51.496156+08:00","level":"WARN","msg":"current env is","!BADKEY":{"Key":"env","Value":{}},"!BADKEY":{"Key":"time","Value":{}},"!BADKEY":{"Key":"day","Value":{}}}
{"time":"2025-03-03T21:09:51.668317+08:00","level":"INFO","msg":"doing"}
{"time":"2025-03-03T21:09:51.668493+08:00","level":"WARN","msg":"current env is","!BADKEY":{"Key":"env","Value":{}},"!BADKEY":{"Key":"time","Value":{}},"!BADKEY":{"Key":"day","Value":{}}}
{"time":"2025-03-03T21:09:51.836767+08:00","level":"INFO","msg":"doing"}
{"time":"2025-03-03T21:09:51.836947+08:00","level":"WARN","msg":"current env is","!BADKEY":{"Key":"env","Value":{}},"!BADKEY":{"Key":"time","Value":{}},"!BADKEY":{"Key":"day","Value":{}}}
{"time":"2025-03-03T21:09:51.988762+08:00","level":"INFO","msg":"doing"}
{"time":"2025-03-03T21:09:51.988899+08:00","level":"WARN","msg":"current env is","!BADKEY":{"Key":"env","Value":{}},"!BADKEY":{"Key":"time","Value":{}},"!BADKEY":{"Key":"day","Value":{}}}
{"time":"2025-03-03T21:09:52.120972+08:00","level":"INFO","msg":"doing"}
{"time":"2025-03-03T21:09:52.121181+08:00","level":"WARN","msg":"current env is","!BADKEY":{"Key":"env","Value":{}},"!BADKEY":{"Key":"time","Value":{}},"!BADKEY":{"Key":"day","Value":{}}}
{"time":"2025-03-03T21:09:52.399673+08:00","level":"INFO","msg":"doing"}
{"time":"2025-03-03T21:09:52.399888+08:00","level":"WARN","msg":"current env is","!BADKEY":{"Key":"env","Value":{}},"!BADKEY":{"Key":"time","Value":{}},"!BADKEY":{"Key":"day","Value":{}}}
{"time":"2025-03-03T21:09:52.548702+08:00","level":"INFO","msg":"doing"}
{"time":"2025-03-03T21:09:52.548811+08:00","level":"WARN","msg":"current env is","!BADKEY":{"Key":"env","Value":{}},"!BADKEY":{"Key":"time","Value":{}},"!BADKEY":{"Key":"day","Value":{}}}
{"time":"2025-03-03T21:09:52.675765+08:00","level":"INFO","msg":"doing"}
{"time":"2025-03-03T21:09:52.675971+08:00","level":"WARN","msg":"current env is","!BADKEY":{"Key":"env","Value":{}},"!BADKEY":{"Key":"time","Value":{}},"!BADKEY":{"Key":"day","Value":{}}}
{"time":"2025-03-03T21:09:52.897387+08:00","level":"INFO","msg":"doing"}
{"time":"2025-03-03T21:09:52.897495+08:00","level":"WARN","msg":"current env is","!BADKEY":{"Key":"env","Value":{}},"!BADKEY":{"Key":"time","Value":{}},"!BADKEY":{"Key":"day","Value":{}}}
{"time":"2025-03-03T21:10:38.553433+08:00","level":"INFO","msg":"doing"}
{"time":"2025-03-03T21:11:54.125331+08:00","level":"WARN","msg":"current env is","!BADKEY":{"Key":"env","Value":{}},"!BADKEY":{"Key":"time","Value":{}},"!BADKEY":{"Key":"day","Value":{}}}
{"time":"2025-03-03T21:12:39.592062+08:00","level":"INFO","msg":"doing"}
{"time":"2025-03-03T21:12:39.593231+08:00","level":"WARN","msg":"current env is","env":"development","time":3600000000000,"day":3}
{"time":"2025-03-03T21:13:16.67077+08:00","level":"INFO","msg":"doing"}
{"time":"2025-03-03T21:13:16.670933+08:00","level":"WARN","msg":"current env is","env":"development","time":"1h0m0s","day":3}
{"time":"2025-03-03T21:13:17.179722+08:00","level":"INFO","msg":"doing"}
{"time":"2025-03-03T21:13:17.179886+08:00","level":"WARN","msg":"current env is","env":"development","time":"1h0m0s","day":3}
{"time":"2025-03-03T21:13:17.512518+08:00","level":"INFO","msg":"doing"}
{"time":"2025-03-03T21:13:17.512789+08:00","level":"WARN","msg":"current env is","env":"development","time":"1h0m0s","day":3}
{"time":"2025-03-03T21:13:47.270215+08:00","level":"INFO","msg":"doing"}
{"time":"2025-03-03T21:13:47.270551+08:00","level":"WARN","msg":"current env is","env":"development","time":"1h0m0s","day":3}
{"time":"2025-03-03T21:13:47.496199+08:00","level":"INFO","msg":"doing"}
{"time":"2025-03-03T21:13:47.496391+08:00","level":"WARN","msg":"current env is","env":"development","time":"1h0m0s","day":3}
{"time":"2025-03-03T21:13:47.743902+08:00","level":"INFO","msg":"doing"}
{"time":"2025-03-03T21:13:47.74404+08:00","level":"WARN","msg":"current env is","env":"development","time":"1h0m0s","day":3}
{"time":"2025-03-03T21:13:47.979035+08:00","level":"INFO","msg":"doing"}
{"time":"2025-03-03T21:13:47.979259+08:00","level":"WARN","msg":"current env is","env":"development","time":"1h0m0s","day":3}
{"time":"2025-03-03T21:13:48.179785+08:00","level":"INFO","msg":"doing"}
{"time":"2025-03-03T21:13:48.180048+08:00","level":"WARN","msg":"current env is","env":"development","time":"1h0m0s","day":3}
{"time":"2025-03-03T21:13:48.322438+08:00","level":"INFO","msg":"doing"}
{"time":"2025-03-03T21:13:48.322629+08:00","level":"WARN","msg":"current env is","env":"development","time":"1h0m0s","day":3}
{"time":"2025-03-03T21:13:48.698235+08:00","level":"INFO","msg":"doing"}
{"time":"2025-03-03T21:13:48.698335+08:00","level":"WARN","msg":"current env is","env":"development","time":"1h0m0s","day":3}
{"time":"2025-03-03T21:13:48.873882+08:00","level":"INFO","msg":"doing"}
{"time":"2025-03-03T21:13:48.873977+08:00","level":"WARN","msg":"current env is","env":"development","time":"1h0m0s","day":3}
{"time":"2025-03-03T21:13:49.08599+08:00","level":"INFO","msg":"doing"}
{"time":"2025-03-03T21:13:49.08631+08:00","level":"WARN","msg":"current env is","env":"development","time":"1h0m0s","day":3}
{"time":"2025-03-03T21:13:49.210696+08:00","level":"INFO","msg":"doing"}
{"time":"2025-03-03T21:13:49.21079+08:00","level":"WARN","msg":"current env is","env":"development","time":"1h0m0s","day":3}
{"time":"2025-03-03T22:54:59.602324+08:00","level":"INFO","msg":"doing"}
{"time":"2025-03-03T22:54:59.602802+08:00","level":"WARN","msg":"current env is","env":"development","time":"1h0m0s","day":3}
{"time":"2025-03-03T22:54:59.828331+08:00","level":"INFO","msg":"doing"}
{"time":"2025-03-03T22:54:59.828538+08:00","level":"WARN","msg":"current env is","env":"development","time":"1h0m0s","day":3}
{"time":"2025-03-03T22:55:00.015816+08:00","level":"INFO","msg":"doing"}
{"time":"2025-03-03T22:55:00.015959+08:00","level":"WARN","msg":"current env is","env":"development","time":"1h0m0s","day":3}
{"time":"2025-03-03T22:55:00.165503+08:00","level":"INFO","msg":"doing"}
{"time":"2025-03-03T22:55:00.165705+08:00","level":"WARN","msg":"current env is","env":"development","time":"1h0m0s","day":3}
{"time":"2025-03-03T22:55:00.337886+08:00","level":"INFO","msg":"doing"}
{"time":"2025-03-03T22:55:00.337995+08:00","level":"WARN","msg":"current env is","env":"development","time":"1h0m0s","day":3}
{"time":"2025-03-03T22:55:00.471097+08:00","level":"INFO","msg":"doing"}
{"time":"2025-03-03T22:55:00.471304+08:00","level":"WARN","msg":"current env is","env":"development","time":"1h0m0s","day":3}
{"time":"2025-03-03T22:55:00.684713+08:00","level":"INFO","msg":"doing"}
{"time":"2025-03-03T22:55:00.684933+08:00","level":"WARN","msg":"current env is","env":"development","time":"1h0m0s","day":3}
{"time":"2025-03-03T22:55:00.86129+08:00","level":"INFO","msg":"doing"}
{"time":"2025-03-03T22:55:00.861434+08:00","level":"WARN","msg":"current env is","env":"development","time":"1h0m0s","day":3}
{"time":"2025-03-03T22:55:01.029897+08:00","level":"INFO","msg":"doing"}
{"time":"2025-03-03T22:55:01.030106+08:00","level":"WARN","msg":"current env is","env":"development","time":"1h0m0s","day":3}
{"time":"2025-03-03T22:55:01.158712+08:00","level":"INFO","msg":"doing"}
{"time":"2025-03-03T22:55:01.158872+08:00","level":"WARN","msg":"current env is","env":"development","time":"1h0m0s","day":3}
{"time":"2025-03-03T22:55:01.30051+08:00","level":"INFO","msg":"doing"}
{"time":"2025-03-03T22:55:01.300683+08:00","level":"WARN","msg":"current env is","env":"development","time":"1h0m0s","day":3}
{"time":"2025-03-03T22:55:01.505994+08:00","level":"INFO","msg":"doing"}
{"time":"2025-03-03T22:55:01.506178+08:00","level":"WARN","msg":"current env is","env":"development","time":"1h0m0s","day":3}
{"time":"2025-03-03T22:55:01.643465+08:00","level":"INFO","msg":"doing"}
{"time":"2025-03-03T22:55:01.643572+08:00","level":"WARN","msg":"current env is","env":"development","time":"1h0m0s","day":3}
{"time":"2025-03-03T22:55:01.968712+08:00","level":"INFO","msg":"doing"}
{"time":"2025-03-03T22:55:01.968929+08:00","level":"WARN","msg":"current env is","env":"development","time":"1h0m0s","day":3}
{"time":"2025-03-03T22:55:02.144711+08:00","level":"INFO","msg":"doing"}
{"time":"2025-03-03T22:55:02.144908+08:00","level":"WARN","msg":"current env is","env":"development","time":"1h0m0s","day":3}
{"time":"2025-03-03T22:55:02.296632+08:00","level":"INFO","msg":"doing"}
{"time":"2025-03-03T22:55:02.296728+08:00","level":"WARN","msg":"current env is","env":"development","time":"1h0m0s","day":3}
{"time":"2025-03-03T22:55:02.487778+08:00","level":"INFO","msg":"doing"}
{"time":"2025-03-03T22:55:02.487952+08:00","level":"WARN","msg":"current env is","env":"development","time":"1h0m0s","day":3}
{"time":"2025-03-03T22:55:02.736802+08:00","level":"INFO","msg":"doing"}
{"time":"2025-03-03T22:55:02.73699+08:00","level":"WARN","msg":"current env is","env":"development","time":"1h0m0s","day":3}
{"time":"2025-03-03T22:55:02.918252+08:00","level":"INFO","msg":"doing"}
{"time":"2025-03-03T22:55:02.918418+08:00","level":"WARN","msg":"current env is","env":"development","time":"1h0m0s","day":3}
{"time":"2025-03-03T22:55:03.067711+08:00","level":"INFO","msg":"doing"}
{"time":"2025-03-03T22:55:03.067945+08:00","level":"WARN","msg":"current env is","env":"development","time":"1h0m0s","day":3}
{"time":"2025-03-03T22:55:03.24594+08:00","level":"INFO","msg":"doing"}
{"time":"2025-03-03T22:55:03.246161+08:00","level":"WARN","msg":"current env is","env":"development","time":"1h0m0s","day":3}
{"time":"2025-03-03T22:55:16.505105+08:00","level":"INFO","msg":"doing"}
{"time":"2025-03-03T22:55:16.505231+08:00","level":"WARN","msg":"current env is","env":"development","time":"1h0m0s","day":3}
{"time":"2025-03-03T22:55:16.673445+08:00","level":"INFO","msg":"doing"}
{"time":"2025-03-03T22:55:16.673553+08:00","level":"WARN","msg":"current env is","env":"development","time":"1h0m0s","day":3}
{"time":"2025-03-03T22:55:16.847654+08:00","level":"INFO","msg":"doing"}
{"time":"2025-03-03T22:55:16.847759+08:00","level":"WARN","msg":"current env is","env":"development","time":"1h0m0s","day":3}
{"time":"2025-03-03T22:55:18.933099+08:00","level":"INFO","msg":"doing"}
{"time":"2025-03-03T22:55:18.93326+08:00","level":"WARN","msg":"current env is","env":"development","time":"1h0m0s","day":3}
{"time":"2025-03-03T22:55:19.086651+08:00","level":"INFO","msg":"doing"}
{"time":"2025-03-03T22:55:19.086777+08:00","level":"WARN","msg":"current env is","env":"development","time":"1h0m0s","day":3}
{"time":"2025-03-03T22:55:19.247903+08:00","level":"INFO","msg":"doing"}
{"time":"2025-03-03T22:55:19.247978+08:00","level":"WARN","msg":"current env is","env":"development","time":"1h0m0s","day":3}
{"time":"2025-03-03T22:55:19.387681+08:00","level":"INFO","msg":"doing"}
{"time":"2025-03-03T22:55:19.387779+08:00","level":"WARN","msg":"current env is","env":"development","time":"1h0m0s","day":3}
{"time":"2025-03-03T22:55:19.531224+08:00","level":"INFO","msg":"doing"}
{"time":"2025-03-03T22:55:19.53137+08:00","level":"WARN","msg":"current env is","env":"development","time":"1h0m0s","day":3}
{"time":"2025-03-03T22:55:19.670519+08:00","level":"INFO","msg":"doing"}
{"time":"2025-03-03T22:55:19.670677+08:00","level":"WARN","msg":"current env is","env":"development","time":"1h0m0s","day":3}
{"time":"2025-03-03T22:55:19.850481+08:00","level":"INFO","msg":"doing"}
{"time":"2025-03-03T22:55:19.850666+08:00","level":"WARN","msg":"current env is","env":"development","time":"1h0m0s","day":3}
{"time":"2025-03-03T22:55:19.96628+08:00","level":"INFO","msg":"doing"}
{"time":"2025-03-03T22:55:19.966466+08:00","level":"WARN","msg":"current env is","env":"development","time":"1h0m0s","day":3}
{"time":"2025-03-03T22:55:20.13301+08:00","level":"INFO","msg":"doing"}
{"time":"2025-03-03T22:55:20.13317+08:00","level":"WARN","msg":"current env is","env":"development","time":"1h0m0s","day":3}
{"time":"2025-03-03T22:55:20.267056+08:00","level":"INFO","msg":"doing"}
{"time":"2025-03-03T22:55:20.267217+08:00","level":"WARN","msg":"current env is","env":"development","time":"1h0m0s","day":3}
{"time":"2025-03-03T22:55:20.451737+08:00","level":"INFO","msg":"doing"}
{"time":"2025-03-03T22:55:20.451907+08:00","level":"WARN","msg":"current env is","env":"development","time":"1h0m0s","day":3}
{"time":"2025-03-03T22:55:20.608488+08:00","level":"INFO","msg":"doing"}
{"time":"2025-03-03T22:55:20.608675+08:00","level":"WARN","msg":"current env is","env":"development","time":"1h0m0s","day":3}
{"time":"2025-03-03T22:55:20.766794+08:00","level":"INFO","msg":"doing"}
{"time":"2025-03-03T22:55:20.767065+08:00","level":"WARN","msg":"current env is","env":"development","time":"1h0m0s","day":3}
{"time":"2025-03-03T22:55:20.894327+08:00","level":"INFO","msg":"doing"}
{"time":"2025-03-03T22:55:20.894644+08:00","level":"WARN","msg":"current env is","env":"development","time":"1h0m0s","day":3}
{"time":"2025-03-03T22:55:21.027758+08:00","level":"INFO","msg":"doing"}
{"time":"2025-03-03T22:55:21.027913+08:00","level":"WARN","msg":"current env is","env":"development","time":"1h0m0s","day":3}
